#
# There is insufficient memory for the Java Runtime Environment to continue.
# Native memory allocation (mmap) failed to map 1048576 bytes. Error detail: G1 virtual space
# Possible reasons:
#   The system is out of physical RAM or swap space
#   This process is running with CompressedOops enabled, and the Java Heap may be blocking the growth of the native heap
# Possible solutions:
#   Reduce memory load on the system
#   Increase physical memory or swap space
#   Check if swap backing store is full
#   Decrease Java heap size (-Xmx/-Xms)
#   Decrease number of Java threads
#   Decrease Java thread stack sizes (-Xss)
#   Set larger code cache with -XX:ReservedCodeCacheSize=
#   JVM is running with Unscaled Compressed Oops mode in which the Java heap is
#     placed in the first 4GB address space. The Java Heap base address is the
#     maximum limit for the native heap growth. Please use -XX:HeapBaseMinAddress
#     to set the Java Heap base and to place the Java Heap above 4GB virtual address.
# This output file may be truncated or incomplete.
#
#  Out of Memory Error (os_windows.cpp:3703), pid=44368, tid=44644
#
# JRE version: OpenJDK Runtime Environment Temurin-23+37 (23.0+37) (build 23+37)
# Java VM: OpenJDK 64-Bit Server VM Temurin-23+37 (23+37, mixed mode, sharing, tiered, compressed oops, compressed class ptrs, g1 gc, windows-amd64)
# No core dump will be written. Minidumps are not enabled by default on client versions of Windows
#

---------------  S U M M A R Y ------------

Command Line: -ea -Dfile.encoding=UTF-8 -Dstdout.encoding=UTF-8 -Dstderr.encoding=UTF-8 -XX:+ShowCodeDetailsInExceptionMessages org.testng.remote.RemoteTestNG -serport 51489 -protocol json -d C:\Users\Aparnna S\OneDrive\Desktop\java programs\7rmartsupermarket\test-output C:\Users\Aparnna S\OneDrive\Desktop\java programs\7rmartsupermarket\multibrowsertestng.xml

Host: AMD Ryzen 5 5625U with Radeon Graphics         , 12 cores, 7G,  Windows 11 , 64 bit Build 22621 (10.0.22621.4830)
Time: Mon Apr  7 03:26:08 2025 India Standard Time elapsed time: 8.965553 seconds (0d 0h 0m 8s)

---------------  T H R E A D  ---------------

Current thread (0x00000202469e1960):  WorkerThread "GC Thread#4"    [id=44644, stack(0x000000eeb3400000,0x000000eeb3500000) (1024K)]

Stack: [0x000000eeb3400000,0x000000eeb3500000]
Native frames: (J=compiled Java code, j=interpreted, Vv=VM code, C=native code)
V  [jvm.dll+0x6e8c69]  (no source info available)
V  [jvm.dll+0x8d9073]  (no source info available)
V  [jvm.dll+0x8db4fe]  (no source info available)
V  [jvm.dll+0x8dbbd3]  (no source info available)
V  [jvm.dll+0x281aa6]  (no source info available)
V  [jvm.dll+0x6e5565]  (no source info available)
V  [jvm.dll+0x6d957a]  (no source info available)
V  [jvm.dll+0x3625fa]  (no source info available)
V  [jvm.dll+0x36aa26]  (no source info available)
V  [jvm.dll+0x356ccb]  (no source info available)
V  [jvm.dll+0x357354]  (no source info available)
V  [jvm.dll+0x35741d]  (no source info available)
V  [jvm.dll+0x33130c]  (no source info available)
V  [jvm.dll+0x33107d]  (no source info available)
V  [jvm.dll+0x3203e5]  (no source info available)
V  [jvm.dll+0x3207b6]  (no source info available)
V  [jvm.dll+0x3214c7]  (no source info available)
V  [jvm.dll+0x321915]  (no source info available)
V  [jvm.dll+0x321337]  (no source info available)
V  [jvm.dll+0x364291]  (no source info available)
V  [jvm.dll+0x36468e]  (no source info available)
V  [jvm.dll+0x365c1f]  (no source info available)
V  [jvm.dll+0x3656a6]  (no source info available)
V  [jvm.dll+0x37a199]  (no source info available)
V  [jvm.dll+0x37a8ba]  (no source info available)
V  [jvm.dll+0x37a9a7]  (no source info available)
V  [jvm.dll+0x37ba4b]  (no source info available)
V  [jvm.dll+0x9091d7]  (no source info available)
V  [jvm.dll+0x88026b]  (no source info available)
V  [jvm.dll+0x6e7475]  (no source info available)
C  [ucrtbase.dll+0x29333]  (no source info available)
C  [KERNEL32.DLL+0x1259d]  (no source info available)
C  [ntdll.dll+0x5af38]  (no source info available)


---------------  P R O C E S S  ---------------

Threads class SMR info:
_java_thread_list=0x000002024748c880, length=52, elements={
0x0000020265df9990, 0x0000020200719870, 0x000002020071a430, 0x000002020071cd50,
0x000002020071d7b0, 0x000002020071e750, 0x0000020200726080, 0x000002020072c7a0,
0x000002020072ee70, 0x00000202008856f0, 0x0000020200885d80, 0x0000020200886410,
0x0000020200887130, 0x0000020200888b70, 0x00000202008877c0, 0x0000020200887e50,
0x0000020246ab35c0, 0x0000020246ab14f0, 0x0000020246ab6a40, 0x0000020246ab1b80,
0x0000020246ab70d0, 0x0000020246ab5000, 0x0000020246ab3c50, 0x0000020246ab8480,
0x0000020246ab8b10, 0x0000020246ab7760, 0x0000020246ab42e0, 0x0000020246ab7df0,
0x0000020246ab2210, 0x0000020246ab28a0, 0x0000020246ab63b0, 0x0000020246ab2f30,
0x0000020246ab4970, 0x00000202471ad810, 0x00000202471ad180, 0x00000202471abdd0,
0x00000202471acaf0, 0x00000202471ac460, 0x00000202471ab0b0, 0x00000202471ab740,
0x00000202471aa390, 0x00000202471aaa20, 0x0000020247114970, 0x0000020247115690,
0x0000020247115000, 0x0000020247116a40, 0x00000202471170d0, 0x0000020247117df0,
0x0000020247118480, 0x0000020247115d20, 0x00000202471135c0, 0x0000020247112f30
}

Java Threads: ( => current thread )
  0x0000020265df9990 JavaThread "main"                              [_thread_blocked, id=20936, stack(0x000000eeb1a00000,0x000000eeb1b00000) (1024K)]
  0x0000020200719870 JavaThread "Reference Handler"          daemon [_thread_blocked, id=4616, stack(0x000000eeb2200000,0x000000eeb2300000) (1024K)]
  0x000002020071a430 JavaThread "Finalizer"                  daemon [_thread_blocked, id=48368, stack(0x000000eeb2300000,0x000000eeb2400000) (1024K)]
  0x000002020071cd50 JavaThread "Signal Dispatcher"          daemon [_thread_blocked, id=25124, stack(0x000000eeb2400000,0x000000eeb2500000) (1024K)]
  0x000002020071d7b0 JavaThread "Attach Listener"            daemon [_thread_blocked, id=34056, stack(0x000000eeb2500000,0x000000eeb2600000) (1024K)]
  0x000002020071e750 JavaThread "Service Thread"             daemon [_thread_blocked, id=35512, stack(0x000000eeb2600000,0x000000eeb2700000) (1024K)]
  0x0000020200726080 JavaThread "Monitor Deflation Thread"   daemon [_thread_blocked, id=11992, stack(0x000000eeb2700000,0x000000eeb2800000) (1024K)]
  0x000002020072c7a0 JavaThread "C2 CompilerThread0"         daemon [_thread_blocked, id=43492, stack(0x000000eeb2800000,0x000000eeb2900000) (1024K)]
  0x000002020072ee70 JavaThread "C1 CompilerThread0"         daemon [_thread_blocked, id=36800, stack(0x000000eeb2900000,0x000000eeb2a00000) (1024K)]
  0x00000202008856f0 JavaThread "Notification Thread"        daemon [_thread_blocked, id=5868, stack(0x000000eeb2a00000,0x000000eeb2b00000) (1024K)]
  0x0000020200885d80 JavaThread "Common-Cleaner"             daemon [_thread_blocked, id=48364, stack(0x000000eeb2b00000,0x000000eeb2c00000) (1024K)]
  0x0000020200886410 JavaThread "ReaderThread"                      [_thread_in_native, id=7900, stack(0x000000eeb2d00000,0x000000eeb2e00000) (1024K)]
  0x0000020200887130 JavaThread "ForkJoinPool.commonPool-worker-1" daemon [_thread_blocked, id=44988, stack(0x000000eeb2e00000,0x000000eeb2f00000) (1024K)]
  0x0000020200888b70 JavaThread "ForkJoinPool.commonPool-worker-2" daemon [_thread_blocked, id=40540, stack(0x000000eeb2f00000,0x000000eeb3000000) (1024K)]
  0x00000202008877c0 JavaThread "ForkJoinPool.commonPool-worker-3" daemon [_thread_blocked, id=4956, stack(0x000000eeb3000000,0x000000eeb3100000) (1024K)]
  0x0000020200887e50 JavaThread "ForkJoinPool.commonPool-worker-4" daemon [_thread_blocked, id=48956, stack(0x000000eeb3800000,0x000000eeb3900000) (1024K)]
  0x0000020246ab35c0 JavaThread "TestNG-tests-1"                    [_thread_blocked, id=42916, stack(0x000000eeb3900000,0x000000eeb3a00000) (1024K)]
  0x0000020246ab14f0 JavaThread "Forwarding newSession on session null to remote"        [_thread_blocked, id=26904, stack(0x000000eeb3a00000,0x000000eeb3b00000) (1024K)]
  0x0000020246ab6a40 JavaThread "Forwarding newSession on session null to remote"        [_thread_blocked, id=28440, stack(0x000000eeb3b00000,0x000000eeb3c00000) (1024K)]
  0x0000020246ab1b80 JavaThread "HttpClient-2-SelectorManager" daemon [_thread_blocked, id=17084, stack(0x000000eeb3e00000,0x000000eeb3f00000) (1024K)]
  0x0000020246ab70d0 JavaThread "HttpClient-1-SelectorManager" daemon [_thread_in_native, id=11528, stack(0x000000eeb3f00000,0x000000eeb4000000) (1024K)]
  0x0000020246ab5000 JavaThread "HttpClient-3-SelectorManager" daemon [_thread_in_native, id=18408, stack(0x000000eeb4000000,0x000000eeb4100000) (1024K)]
  0x0000020246ab3c50 JavaThread "External Process Output Forwarder - C:\Users\Aparnna S\.cache\selenium\chromedriver\win64\134.0.6998.165\chromedriver.exe" daemon [_thread_in_native, id=13696, stack(0x000000eeb4100000,0x000000eeb4200000) (1024K)]
  0x0000020246ab8480 JavaThread "Driver Service Executor"    daemon [_thread_blocked, id=2480, stack(0x000000eeb4200000,0x000000eeb4300000) (1024K)]
  0x0000020246ab8b10 JavaThread "Driver Service Executor"    daemon [_thread_in_native, id=35380, stack(0x000000eeb4300000,0x000000eeb4400000) (1024K)]
  0x0000020246ab7760 JavaThread "UrlChecker-2"               daemon [_thread_blocked, id=35972, stack(0x000000eeb4400000,0x000000eeb4500000) (1024K)]
  0x0000020246ab42e0 JavaThread "External Process Output Forwarder - C:\Users\Aparnna S\.cache\selenium\msedgedriver\win64\135.0.3179.54\msedgedriver.exe" daemon [_thread_in_native, id=19872, stack(0x000000eeb4500000,0x000000eeb4600000) (1024K)]
  0x0000020246ab7df0 JavaThread "Driver Service Executor"    daemon [_thread_blocked, id=10368, stack(0x000000eeb4600000,0x000000eeb4700000) (1024K)]
  0x0000020246ab2210 JavaThread "Driver Service Executor"    daemon [_thread_in_native, id=18492, stack(0x000000eeb4700000,0x000000eeb4800000) (1024K)]
  0x0000020246ab28a0 JavaThread "UrlChecker-3"               daemon [_thread_blocked, id=50096, stack(0x000000eeb4800000,0x000000eeb4900000) (1024K)]
  0x0000020246ab63b0 JavaThread "External Process Output Forwarder - C:\Users\Aparnna S\.cache\selenium\geckodriver\win64\0.36.0\geckodriver.exe" daemon [_thread_blocked, id=28484, stack(0x000000eeb4900000,0x000000eeb4a00000) (1024K)]
  0x0000020246ab2f30 JavaThread "Driver Service Executor"    daemon [_thread_blocked, id=11288, stack(0x000000eeb4a00000,0x000000eeb4b00000) (1024K)]
  0x0000020246ab4970 JavaThread "Driver Service Executor"    daemon [_thread_in_native, id=32276, stack(0x000000eeb4b00000,0x000000eeb4c00000) (1024K)]
  0x00000202471ad810 JavaThread "JdkHttpClient-0-0"          daemon [_thread_blocked, id=43400, stack(0x000000eeb4c00000,0x000000eeb4d00000) (1024K)]
  0x00000202471ad180 JavaThread "CompletableFutureDelayScheduler" daemon [_thread_blocked, id=23184, stack(0x000000eeb4d00000,0x000000eeb4e00000) (1024K)]
  0x00000202471abdd0 JavaThread "Keep-Alive-Timer"           daemon [_thread_blocked, id=31000, stack(0x000000eeb4e00000,0x000000eeb4f00000) (1024K)]
  0x00000202471acaf0 JavaThread "JdkHttpClient-2-0"          daemon [_thread_blocked, id=31460, stack(0x000000eeb4f00000,0x000000eeb5000000) (1024K)]
  0x00000202471ac460 JavaThread "JdkHttpClient-2-1"          daemon [_thread_blocked, id=34760, stack(0x000000eeb5000000,0x000000eeb5100000) (1024K)]
  0x00000202471ab0b0 JavaThread "JdkHttpClient-0-1"          daemon [_thread_blocked, id=20624, stack(0x000000eeb5100000,0x000000eeb5200000) (1024K)]
  0x00000202471ab740 JavaThread "JdkHttpClient-0-2"          daemon [_thread_blocked, id=13148, stack(0x000000eeb5200000,0x000000eeb5300000) (1024K)]
  0x00000202471aa390 JavaThread "JdkHttpClient-2-2"          daemon [_thread_blocked, id=48284, stack(0x000000eeb5300000,0x000000eeb5400000) (1024K)]
  0x00000202471aaa20 JavaThread "JdkHttpClient-2-3"          daemon [_thread_blocked, id=26840, stack(0x000000eeb5400000,0x000000eeb5500000) (1024K)]
  0x0000020247114970 JavaThread "JdkHttpClient-0-3"          daemon [_thread_blocked, id=45912, stack(0x000000eeb5500000,0x000000eeb5600000) (1024K)]
  0x0000020247115690 JavaThread "JdkHttpClient-1-0"          daemon [_thread_blocked, id=27264, stack(0x000000eeb5600000,0x000000eeb5700000) (1024K)]
  0x0000020247115000 JavaThread "JdkHttpClient-1-1"          daemon [_thread_blocked, id=29216, stack(0x000000eeb5700000,0x000000eeb5800000) (1024K)]
  0x0000020247116a40 JavaThread "JdkHttpClient-1-2"          daemon [_thread_blocked, id=18380, stack(0x000000eeb5800000,0x000000eeb5900000) (1024K)]
  0x00000202471170d0 JavaThread "JdkHttpClient-1-3"          daemon [_thread_blocked, id=40820, stack(0x000000eeb5900000,0x000000eeb5a00000) (1024K)]
  0x0000020247117df0 JavaThread "HttpClient-4-SelectorManager" daemon [_thread_in_native, id=45100, stack(0x000000eeb5a00000,0x000000eeb5b00000) (1024K)]
  0x0000020247118480 JavaThread "JdkHttpClient-3-0"          daemon [_thread_blocked, id=26804, stack(0x000000eeb5b00000,0x000000eeb5c00000) (1024K)]
  0x0000020247115d20 JavaThread "JdkHttpClient-3-1"          daemon [_thread_blocked, id=5864, stack(0x000000eeb5c00000,0x000000eeb5d00000) (1024K)]
  0x00000202471135c0 JavaThread "JdkHttpClient-3-2"          daemon [_thread_blocked, id=34304, stack(0x000000eeb5d00000,0x000000eeb5e00000) (1024K)]
  0x0000020247112f30 JavaThread "JdkHttpClient-3-3"          daemon [_thread_blocked, id=13712, stack(0x000000eeb5e00000,0x000000eeb5f00000) (1024K)]
Total: 52

Other Threads:
  0x0000020200701d70 VMThread "VM Thread"                           [id=46820, stack(0x000000eeb2100000,0x000000eeb2200000) (1024K)]
  0x00000202006e9090 WatcherThread "VM Periodic Task Thread"        [id=17332, stack(0x000000eeb2000000,0x000000eeb2100000) (1024K)]
  0x00000202681cb870 WorkerThread "GC Thread#0"                     [id=9868, stack(0x000000eeb1b00000,0x000000eeb1c00000) (1024K)]
  0x00000202469ac120 WorkerThread "GC Thread#1"                     [id=17180, stack(0x000000eeb3100000,0x000000eeb3200000) (1024K)]
  0x00000202469ac4d0 WorkerThread "GC Thread#2"                     [id=49880, stack(0x000000eeb3200000,0x000000eeb3300000) (1024K)]
  0x00000202469ae890 WorkerThread "GC Thread#3"                     [id=24484, stack(0x000000eeb3300000,0x000000eeb3400000) (1024K)]
=>0x00000202469e1960 WorkerThread "GC Thread#4"                     [id=44644, stack(0x000000eeb3400000,0x000000eeb3500000) (1024K)]
  0x00000202469e2120 WorkerThread "GC Thread#5"                     [id=40696, stack(0x000000eeb3500000,0x000000eeb3600000) (1024K)]
  0x00000202469e24d0 WorkerThread "GC Thread#6"                     [id=30312, stack(0x000000eeb3600000,0x000000eeb3700000) (1024K)]
  0x00000202469e2880 WorkerThread "GC Thread#7"                     [id=29452, stack(0x000000eeb3700000,0x000000eeb3800000) (1024K)]
  0x00000202476194b0 WorkerThread "GC Thread#8"                     [id=38824, stack(0x000000eeb3c00000,0x000000eeb3d00000) (1024K)]
  0x0000020247617e90 WorkerThread "GC Thread#9"                     [id=30096, stack(0x000000eeb3d00000,0x000000eeb3e00000) (1024K)]
  0x00000202681fb690 ConcurrentGCThread "G1 Main Marker"            [id=31380, stack(0x000000eeb1c00000,0x000000eeb1d00000) (1024K)]
  0x00000202681fc1a0 WorkerThread "G1 Conc#0"                       [id=47364, stack(0x000000eeb1d00000,0x000000eeb1e00000) (1024K)]
  0x000002024662e7f0 WorkerThread "G1 Conc#1"                       [id=44552, stack(0x000000eeb5f00000,0x000000eeb6000000) (1024K)]
  0x000002024662d580 WorkerThread "G1 Conc#2"                       [id=14476, stack(0x000000eeb6000000,0x000000eeb6100000) (1024K)]
  0x00000202005bccc0 ConcurrentGCThread "G1 Refine#0"               [id=35424, stack(0x000000eeb1e00000,0x000000eeb1f00000) (1024K)]
  0x00000202005bd750 ConcurrentGCThread "G1 Service"                [id=22420, stack(0x000000eeb1f00000,0x000000eeb2000000) (1024K)]
Total: 18

Threads with active compile tasks:
C2 CompilerThread0  9075 3147       4       org.apache.xmlbeans.impl.util.LongUTFDataInputStream::readLongUTF (411 bytes)
Total: 1

VM state: at safepoint (normal execution)

VM Mutex/Monitor currently owned by a thread:  ([mutex/lock_event])
[0x00007ffe58d697f0] FreeList_lock - owner thread: 0x00000202469e1960
[0x00007ffe58d6bd70] Threads_lock - owner thread: 0x0000020200701d70
[0x00007ffe58d6be70] Heap_lock - owner thread: 0x0000020246ab35c0

Heap address: 0x000000008a600000, size: 1882 MB, Compressed Oops mode: 32-bit

CDS archive(s) mapped at: [0x0000020201000000-0x0000020201d70000-0x0000020201d70000), size 14090240, SharedBaseAddress: 0x0000020201000000, ArchiveRelocationMode: 1.
Compressed class space mapped at: 0x0000020202000000-0x0000020242000000, reserved size: 1073741824
Narrow klass base: 0x0000020201000000, Narrow klass shift: 0, Narrow klass range: 0x41000000

GC Precious Log:
 CardTable entry size: 512
 Card Set container configuration: InlinePtr #cards 5 size 8 Array Of Cards #cards 10 size 36 Howl #buckets 4 coarsen threshold 1843 Howl Bitmap #cards 512 size 80 coarsen threshold 460 Card regions per heap region 1 cards per card region 2048
 CPUs: 12 total, 12 available
 Memory: 7520M
 Large Page Support: Disabled
 NUMA Support: Disabled
 Compressed Oops: Enabled (32-bit)
 Heap Region Size: 1M
 Heap Min Capacity: 8M
 Heap Initial Capacity: 118M
 Heap Max Capacity: 1882M
 Pre-touch: Disabled
 Parallel Workers: 10
 Concurrent Workers: 3
 Concurrent Refinement Workers: 10
 Periodic GC: Disabled

Heap:
 garbage-first heap   total reserved 1927168K, committed 55296K, used 46736K [0x000000008a600000, 0x0000000100000000)
  region size 1024K, 38 young (38912K), 5 survivors (5120K)
 Metaspace       used 23337K, committed 23872K, reserved 1114112K
  class space    used 3025K, committed 3264K, reserved 1048576K

Heap Regions: E=young(eden), S=young(survivor), O=old, HS=humongous(starts), HC=humongous(continues), CS=collection set, F=free, TAMS=top-at-mark-start, PB=parsable bottom
|   0|0x000000008a600000, 0x000000008a700000, 0x000000008a700000|100%|HS|  |TAMS 0x000000008a600000| PB 0x000000008a600000| Complete |  0
|   1|0x000000008a700000, 0x000000008a800000, 0x000000008a800000|100%| O|  |TAMS 0x000000008a700000| PB 0x000000008a700000| Untracked |  0
|   2|0x000000008a800000, 0x000000008a900000, 0x000000008a900000|100%| O|  |TAMS 0x000000008a800000| PB 0x000000008a800000| Untracked |  0
|   3|0x000000008a900000, 0x000000008aa00000, 0x000000008aa00000|100%| O|  |TAMS 0x000000008a900000| PB 0x000000008a900000| Untracked |  0
|   4|0x000000008aa00000, 0x000000008ab00000, 0x000000008ab00000|100%| O|  |TAMS 0x000000008aa00000| PB 0x000000008aa00000| Untracked |  0
|   5|0x000000008ab00000, 0x000000008ac00000, 0x000000008ac00000|100%| O|  |TAMS 0x000000008ab00000| PB 0x000000008ab00000| Untracked |  0
|   6|0x000000008ac00000, 0x000000008ad00000, 0x000000008ad00000|100%| O|  |TAMS 0x000000008ac00000| PB 0x000000008ac00000| Untracked |  0
|   7|0x000000008ad00000, 0x000000008ad2f8c0, 0x000000008ae00000| 18%| O|  |TAMS 0x000000008ad00000| PB 0x000000008ad00000| Untracked |  0
|   8|0x000000008ae00000, 0x000000008af00000, 0x000000008af00000|100%| E|CS|TAMS 0x000000008ae00000| PB 0x000000008ae00000| Complete |  0
|   9|0x000000008af00000, 0x000000008b000000, 0x000000008b000000|100%| E|CS|TAMS 0x000000008af00000| PB 0x000000008af00000| Complete |  0
|  10|0x000000008b000000, 0x000000008b100000, 0x000000008b100000|100%| E|CS|TAMS 0x000000008b000000| PB 0x000000008b000000| Complete |  0
|  11|0x000000008b100000, 0x000000008b200000, 0x000000008b200000|100%| E|CS|TAMS 0x000000008b100000| PB 0x000000008b100000| Complete |  0
|  12|0x000000008b200000, 0x000000008b300000, 0x000000008b300000|100%| E|CS|TAMS 0x000000008b200000| PB 0x000000008b200000| Complete |  0
|  13|0x000000008b300000, 0x000000008b400000, 0x000000008b400000|100%| E|CS|TAMS 0x000000008b300000| PB 0x000000008b300000| Complete |  0
|  14|0x000000008b400000, 0x000000008b500000, 0x000000008b500000|100%| E|CS|TAMS 0x000000008b400000| PB 0x000000008b400000| Complete |  0
|  15|0x000000008b500000, 0x000000008b600000, 0x000000008b600000|100%| E|CS|TAMS 0x000000008b500000| PB 0x000000008b500000| Complete |  0
|  16|0x000000008b600000, 0x000000008b700000, 0x000000008b700000|100%| E|CS|TAMS 0x000000008b600000| PB 0x000000008b600000| Complete |  0
|  17|0x000000008b700000, 0x000000008b800000, 0x000000008b800000|100%| E|CS|TAMS 0x000000008b700000| PB 0x000000008b700000| Complete |  0
|  18|0x000000008b800000, 0x000000008b900000, 0x000000008b900000|100%| E|CS|TAMS 0x000000008b800000| PB 0x000000008b800000| Complete |  0
|  19|0x000000008b900000, 0x000000008ba00000, 0x000000008ba00000|100%| E|CS|TAMS 0x000000008b900000| PB 0x000000008b900000| Complete |  0
|  20|0x000000008ba00000, 0x000000008bb00000, 0x000000008bb00000|100%| E|CS|TAMS 0x000000008ba00000| PB 0x000000008ba00000| Complete |  0
|  21|0x000000008bb00000, 0x000000008bc00000, 0x000000008bc00000|100%| E|CS|TAMS 0x000000008bb00000| PB 0x000000008bb00000| Complete |  0
|  22|0x000000008bc00000, 0x000000008bd00000, 0x000000008bd00000|100%| E|CS|TAMS 0x000000008bc00000| PB 0x000000008bc00000| Complete |  0
|  23|0x000000008bd00000, 0x000000008be00000, 0x000000008be00000|100%| E|CS|TAMS 0x000000008bd00000| PB 0x000000008bd00000| Complete |  0
|  24|0x000000008be00000, 0x000000008bf00000, 0x000000008bf00000|100%| E|CS|TAMS 0x000000008be00000| PB 0x000000008be00000| Complete |  0
|  25|0x000000008bf00000, 0x000000008c000000, 0x000000008c000000|100%| E|CS|TAMS 0x000000008bf00000| PB 0x000000008bf00000| Complete |  0
|  26|0x000000008c000000, 0x000000008c100000, 0x000000008c100000|100%| E|CS|TAMS 0x000000008c000000| PB 0x000000008c000000| Complete |  0
|  27|0x000000008c100000, 0x000000008c200000, 0x000000008c200000|100%| E|CS|TAMS 0x000000008c100000| PB 0x000000008c100000| Complete |  0
|  28|0x000000008c200000, 0x000000008c300000, 0x000000008c300000|100%| E|CS|TAMS 0x000000008c200000| PB 0x000000008c200000| Complete |  0
|  29|0x000000008c300000, 0x000000008c400000, 0x000000008c400000|100%| E|CS|TAMS 0x000000008c300000| PB 0x000000008c300000| Complete |  0
|  30|0x000000008c400000, 0x000000008c500000, 0x000000008c500000|100%| E|CS|TAMS 0x000000008c400000| PB 0x000000008c400000| Complete |  0
|  31|0x000000008c500000, 0x000000008c600000, 0x000000008c600000|100%| E|CS|TAMS 0x000000008c500000| PB 0x000000008c500000| Complete |  0
|  32|0x000000008c600000, 0x000000008c700000, 0x000000008c700000|100%| E|CS|TAMS 0x000000008c600000| PB 0x000000008c600000| Complete |  0
|  33|0x000000008c700000, 0x000000008c800000, 0x000000008c800000|100%| E|CS|TAMS 0x000000008c700000| PB 0x000000008c700000| Complete |  0
|  34|0x000000008c800000, 0x000000008c900000, 0x000000008c900000|100%| E|CS|TAMS 0x000000008c800000| PB 0x000000008c800000| Complete |  0
|  35|0x000000008c900000, 0x000000008ca00000, 0x000000008ca00000|100%| E|CS|TAMS 0x000000008c900000| PB 0x000000008c900000| Complete |  0
|  36|0x000000008ca00000, 0x000000008cb00000, 0x000000008cb00000|100%| E|CS|TAMS 0x000000008ca00000| PB 0x000000008ca00000| Complete |  0
|  37|0x000000008cb00000, 0x000000008cc00000, 0x000000008cc00000|100%| E|CS|TAMS 0x000000008cb00000| PB 0x000000008cb00000| Complete |  0
|  38|0x000000008cc00000, 0x000000008cd00000, 0x000000008cd00000|100%| E|CS|TAMS 0x000000008cc00000| PB 0x000000008cc00000| Complete |  0
|  39|0x000000008cd00000, 0x000000008ce00000, 0x000000008ce00000|100%| E|CS|TAMS 0x000000008cd00000| PB 0x000000008cd00000| Complete |  0
|  40|0x000000008ce00000, 0x000000008cf00000, 0x000000008cf00000|100%| S|  |TAMS 0x000000008ce00000| PB 0x000000008ce00000| Complete |  0
|  41|0x000000008cf00000, 0x000000008d000000, 0x000000008d000000|100%| S|  |TAMS 0x000000008cf00000| PB 0x000000008cf00000| Complete |  0
|  42|0x000000008d000000, 0x000000008d100000, 0x000000008d100000|100%| S|  |TAMS 0x000000008d000000| PB 0x000000008d000000| Complete |  0
|  43|0x000000008d100000, 0x000000008d200000, 0x000000008d200000|100%| S|  |TAMS 0x000000008d100000| PB 0x000000008d100000| Complete |  0
|  44|0x000000008d200000, 0x000000008d300000, 0x000000008d300000|100%| S|  |TAMS 0x000000008d200000| PB 0x000000008d200000| Complete |  0
|  76|0x000000008f200000, 0x000000008f2749f0, 0x000000008f300000| 45%| E|CS|TAMS 0x000000008f200000| PB 0x000000008f200000| Complete |  0
|  77|0x000000008f300000, 0x000000008f400000, 0x000000008f400000|100%| E|CS|TAMS 0x000000008f300000| PB 0x000000008f300000| Complete |  0
|  78|0x000000008f400000, 0x000000008f500000, 0x000000008f500000|100%| E|CS|TAMS 0x000000008f400000| PB 0x000000008f400000| Complete |  0
|  79|0x000000008f500000, 0x000000008f600000, 0x000000008f600000|100%| E|CS|TAMS 0x000000008f500000| PB 0x000000008f500000| Complete |  0
|  80|0x000000008f600000, 0x000000008f700000, 0x000000008f700000|100%| E|CS|TAMS 0x000000008f600000| PB 0x000000008f600000| Complete |  0
|  81|0x000000008f700000, 0x000000008f800000, 0x000000008f800000|100%| E|CS|TAMS 0x000000008f700000| PB 0x000000008f700000| Complete |  0
| 117|0x0000000091b00000, 0x0000000091c00000, 0x0000000091c00000|100%| E|CS|TAMS 0x0000000091b00000| PB 0x0000000091b00000| Complete |  0
|1880|0x00000000ffe00000, 0x00000000ffeab440, 0x00000000fff00000| 66%| O|  |TAMS 0x00000000ffe00000| PB 0x00000000ffe00000| Untracked |  0
|1881|0x00000000fff00000, 0x0000000100000000, 0x0000000100000000|100%| O|  |TAMS 0x00000000fff00000| PB 0x00000000fff00000| Untracked |  0

Card table byte_map: [0x000002027b910000,0x000002027bcc0000] _byte_map_base: 0x000002027b4bd000

Marking Bits: (CMBitMap*) 0x00000202681cbf80
 Bits: [0x000002027bcc0000, 0x000002027da28000)

Polling page: 0x0000020266000000

Metaspace:

Usage:
  Non-class:     19.84 MB used.
      Class:      2.95 MB used.
       Both:     22.79 MB used.

Virtual space:
  Non-class space:       64.00 MB reserved,      20.12 MB ( 31%) committed,  1 nodes.
      Class space:        1.00 GB reserved,       3.19 MB ( <1%) committed,  1 nodes.
             Both:        1.06 GB reserved,      23.31 MB (  2%) committed. 

Chunk freelists:
   Non-Class:  11.04 MB
       Class:  12.79 MB
        Both:  23.83 MB

MaxMetaspaceSize: unlimited
CompressedClassSpaceSize: 1.00 GB
Initial GC threshold: 21.00 MB
Current GC threshold: 35.12 MB
CDS: on
 - commit_granule_bytes: 65536.
 - commit_granule_words: 8192.
 - virtual_space_node_default_size: 8388608.
 - enlarge_chunks_in_place: 1.
 - use_allocation_guard: 0.


Internal statistics:

num_allocs_failed_limit: 3.
num_arena_births: 676.
num_arena_deaths: 0.
num_vsnodes_births: 2.
num_vsnodes_deaths: 0.
num_space_committed: 373.
num_space_uncommitted: 0.
num_chunks_returned_to_freelist: 3.
num_chunks_taken_from_freelist: 1376.
num_chunk_merges: 0.
num_chunk_splits: 845.
num_chunks_enlarged: 467.
num_inconsistent_stats: 0.

CodeHeap 'non-profiled nmethods': size=120064Kb used=1015Kb max_used=1015Kb free=119048Kb
 bounds [0x0000020273ad0000, 0x0000020273d40000, 0x000002027b010000]
CodeHeap 'profiled nmethods': size=120000Kb used=4364Kb max_used=4364Kb free=115635Kb
 bounds [0x000002026c010000, 0x000002026c460000, 0x0000020273540000]
CodeHeap 'non-nmethods': size=5696Kb used=1555Kb max_used=1575Kb free=4140Kb
 bounds [0x0000020273540000, 0x00000202737b0000, 0x0000020273ad0000]
CodeCache: size=245760Kb, used=6934Kb, max_used=6954Kb, free=238823Kb
 total_blobs=3773, nmethods=3143, adapters=535, full_count=0
Compilation: enabled, stopped_count=0, restarted_count=0

Compilation events (20 events):
Event: 8.927 Thread 0x000002020072ee70 3140  s    3       java.lang.Throwable::fillInStackTrace (29 bytes)
Event: 8.927 Thread 0x000002020072ee70 nmethod 3140 0x000002026c451b88 code [0x000002026c451cc0, 0x000002026c452040]
Event: 8.928 Thread 0x000002020072ee70 3141   !   3       org.apache.xmlbeans.impl.schema.XsbReader::readShort (35 bytes)
Event: 8.928 Thread 0x000002020072ee70 nmethod 3141 0x000002026c452088 code [0x000002026c452240, 0x000002026c452b48]
Event: 8.928 Thread 0x000002020072ee70 3142       3       java.util.concurrent.ConcurrentHashMap$Traverser::<init> (36 bytes)
Event: 8.928 Thread 0x000002020072ee70 nmethod 3142 0x000002026c452c08 code [0x000002026c452d20, 0x000002026c452f20]
Event: 8.929 Thread 0x000002020072c7a0 nmethod 3118 0x0000020273bcab88 code [0x0000020273bcadc0, 0x0000020273bcc450]
Event: 8.929 Thread 0x000002020072c7a0 3127       4       java.lang.StringBuilder::append (8 bytes)
Event: 8.930 Thread 0x000002020072ee70 3143       1       javax.xml.namespace.QName::getNamespaceURI (5 bytes)
Event: 8.930 Thread 0x000002020072ee70 nmethod 3143 0x0000020273bcc508 code [0x0000020273bcc620, 0x0000020273bcc6e8]
Event: 8.930 Thread 0x000002020072ee70 3144       3       java.util.concurrent.ConcurrentHashMap$BaseIterator::<init> (21 bytes)
Event: 8.931 Thread 0x000002020072ee70 nmethod 3144 0x000002026c452f88 code [0x000002026c4530c0, 0x000002026c4532a0]
Event: 8.932 Thread 0x000002020072c7a0 nmethod 3127 0x0000020273bcc808 code [0x0000020273bcc960, 0x0000020273bccca0]
Event: 8.932 Thread 0x000002020072c7a0 3126       4       java.lang.AbstractStringBuilder::append (77 bytes)
Event: 8.934 Thread 0x000002020072c7a0 nmethod 3126 0x0000020273bccd08 code [0x0000020273bcce60, 0x0000020273bcd1c0]
Event: 8.934 Thread 0x000002020072c7a0 3145       4       java.util.HashMap::putVal (300 bytes)
Event: 8.941 Thread 0x000002020072c7a0 nmethod 3145 0x0000020273bcd208 code [0x0000020273bcd3a0, 0x0000020273bcdc48]
Event: 8.941 Thread 0x000002020072c7a0 3139       4       java.io.DataInputStream::readFully (59 bytes)
Event: 8.943 Thread 0x000002020072c7a0 nmethod 3139 0x0000020273bcdc88 code [0x0000020273bcdda0, 0x0000020273bcdf10]
Event: 8.943 Thread 0x000002020072c7a0 3147       4       org.apache.xmlbeans.impl.util.LongUTFDataInputStream::readLongUTF (411 bytes)

GC Heap History (7 events):
Event: 1.570 GC heap before
{Heap before GC invocations=0 (full 0):
 garbage-first heap   total reserved 1927168K, committed 120832K, used 24576K [0x000000008a600000, 0x0000000100000000)
  region size 1024K, 24 young (24576K), 0 survivors (0K)
 Metaspace       used 7725K, committed 7936K, reserved 1114112K
  class space    used 930K, committed 1024K, reserved 1048576K
}
Event: 1.588 GC heap after
{Heap after GC invocations=1 (full 0):
 garbage-first heap   total reserved 1927168K, committed 120832K, used 7488K [0x000000008a600000, 0x0000000100000000)
  region size 1024K, 3 young (3072K), 3 survivors (3072K)
 Metaspace       used 7725K, committed 7936K, reserved 1114112K
  class space    used 930K, committed 1024K, reserved 1048576K
}
Event: 2.333 GC heap before
{Heap before GC invocations=1 (full 0):
 garbage-first heap   total reserved 1927168K, committed 120832K, used 27968K [0x000000008a600000, 0x0000000100000000)
  region size 1024K, 23 young (23552K), 3 survivors (3072K)
 Metaspace       used 12533K, committed 12928K, reserved 1114112K
  class space    used 1625K, committed 1792K, reserved 1048576K
}
Event: 2.337 GC heap after
{Heap after GC invocations=2 (full 0):
 garbage-first heap   total reserved 1927168K, committed 120832K, used 9290K [0x000000008a600000, 0x0000000100000000)
  region size 1024K, 2 young (2048K), 2 survivors (2048K)
 Metaspace       used 12533K, committed 12928K, reserved 1114112K
  class space    used 1625K, committed 1792K, reserved 1048576K
}
Event: 8.615 GC heap before
{Heap before GC invocations=2 (full 0):
 garbage-first heap   total reserved 1927168K, committed 120832K, used 42058K [0x000000008a600000, 0x0000000100000000)
  region size 1024K, 36 young (36864K), 2 survivors (2048K)
 Metaspace       used 20987K, committed 21504K, reserved 1114112K
  class space    used 2698K, committed 2944K, reserved 1048576K
}
Event: 8.621 GC heap after
{Heap after GC invocations=3 (full 0):
 garbage-first heap   total reserved 1927168K, committed 120832K, used 12944K [0x000000008a600000, 0x0000000100000000)
  region size 1024K, 6 young (6144K), 6 survivors (6144K)
 Metaspace       used 20987K, committed 21504K, reserved 1114112K
  class space    used 2698K, committed 2944K, reserved 1048576K
}
Event: 8.959 GC heap before
{Heap before GC invocations=4 (full 0):
 garbage-first heap   total reserved 1927168K, committed 48128K, used 45712K [0x000000008a600000, 0x0000000100000000)
  region size 1024K, 39 young (39936K), 6 survivors (6144K)
 Metaspace       used 23337K, committed 23872K, reserved 1114112K
  class space    used 3025K, committed 3264K, reserved 1048576K
}

Dll operation events (11 events):
Event: 0.022 Loaded shared library C:\Users\Aparnna S\.p2\pool\plugins\org.eclipse.justj.openjdk.hotspot.jre.full.win32.x86_64_23.0.0.v20240919-1706\jre\bin\java.dll
Event: 0.138 Loaded shared library C:\Users\Aparnna S\.p2\pool\plugins\org.eclipse.justj.openjdk.hotspot.jre.full.win32.x86_64_23.0.0.v20240919-1706\jre\bin\zip.dll
Event: 0.143 Loaded shared library C:\Users\Aparnna S\.p2\pool\plugins\org.eclipse.justj.openjdk.hotspot.jre.full.win32.x86_64_23.0.0.v20240919-1706\jre\bin\net.dll
Event: 0.145 Loaded shared library C:\Users\Aparnna S\.p2\pool\plugins\org.eclipse.justj.openjdk.hotspot.jre.full.win32.x86_64_23.0.0.v20240919-1706\jre\bin\nio.dll
Event: 0.151 Loaded shared library C:\Users\Aparnna S\.p2\pool\plugins\org.eclipse.justj.openjdk.hotspot.jre.full.win32.x86_64_23.0.0.v20240919-1706\jre\bin\zip.dll
Event: 0.438 Loaded shared library C:\Users\Aparnna S\.p2\pool\plugins\org.eclipse.justj.openjdk.hotspot.jre.full.win32.x86_64_23.0.0.v20240919-1706\jre\bin\jimage.dll
Event: 0.586 Loaded shared library C:\Users\Aparnna S\.p2\pool\plugins\org.eclipse.justj.openjdk.hotspot.jre.full.win32.x86_64_23.0.0.v20240919-1706\jre\bin\verify.dll
Event: 0.709 Loaded shared library C:\Users\Aparnna S\.p2\pool\plugins\org.eclipse.justj.openjdk.hotspot.jre.full.win32.x86_64_23.0.0.v20240919-1706\jre\bin\extnet.dll
Event: 1.807 Loaded shared library C:\Users\Aparnna S\.p2\pool\plugins\org.eclipse.justj.openjdk.hotspot.jre.full.win32.x86_64_23.0.0.v20240919-1706\jre\bin\management.dll
Event: 1.815 Loaded shared library C:\Users\Aparnna S\.p2\pool\plugins\org.eclipse.justj.openjdk.hotspot.jre.full.win32.x86_64_23.0.0.v20240919-1706\jre\bin\management_ext.dll
Event: 2.479 Loaded shared library C:\Users\Aparnna S\.p2\pool\plugins\org.eclipse.justj.openjdk.hotspot.jre.full.win32.x86_64_23.0.0.v20240919-1706\jre\bin\sunmscapi.dll

Deoptimization events (20 events):
Event: 8.606 Thread 0x0000020246ab35c0 Uncommon trap: trap_request=0xffffff45 fr.pc=0x0000020273b022dc relative=0x000000000000005c
Event: 8.606 Thread 0x0000020246ab35c0 Uncommon trap: reason=unstable_if action=reinterpret pc=0x0000020273b022dc method=java.lang.AbstractStringBuilder.isLatin1()Z @ 10 c2
Event: 8.607 Thread 0x0000020246ab35c0 DEOPT PACKING pc=0x0000020273b022dc sp=0x000000eeb39fdae0
Event: 8.607 Thread 0x0000020246ab35c0 DEOPT UNPACKING pc=0x0000020273594402 sp=0x000000eeb39fda70 mode 2
Event: 8.608 Thread 0x0000020246ab35c0 Uncommon trap: trap_request=0xffffff45 fr.pc=0x0000020273b81808 relative=0x00000000000000e8
Event: 8.608 Thread 0x0000020246ab35c0 Uncommon trap: reason=unstable_if action=reinterpret pc=0x0000020273b81808 method=java.lang.CharacterDataLatin1.digit(II)I @ 7 c2
Event: 8.608 Thread 0x0000020246ab35c0 DEOPT PACKING pc=0x0000020273b81808 sp=0x000000eeb39fd8d0
Event: 8.608 Thread 0x0000020246ab35c0 DEOPT UNPACKING pc=0x0000020273594402 sp=0x000000eeb39fd790 mode 2
Event: 8.608 Thread 0x0000020246ab35c0 Uncommon trap: trap_request=0xffffff45 fr.pc=0x0000020273b81ab8 relative=0x0000000000000098
Event: 8.608 Thread 0x0000020246ab35c0 Uncommon trap: reason=unstable_if action=reinterpret pc=0x0000020273b81ab8 method=java.lang.CharacterDataLatin1.digit(II)I @ 7 c2
Event: 8.608 Thread 0x0000020246ab35c0 DEOPT PACKING pc=0x0000020273b81ab8 sp=0x000000eeb39fd800
Event: 8.608 Thread 0x0000020246ab35c0 DEOPT UNPACKING pc=0x0000020273594402 sp=0x000000eeb39fd798 mode 2
Event: 8.843 Thread 0x0000020246ab35c0 Uncommon trap: trap_request=0xffffff45 fr.pc=0x0000020273b84208 relative=0x0000000000000868
Event: 8.843 Thread 0x0000020246ab35c0 Uncommon trap: reason=unstable_if action=reinterpret pc=0x0000020273b84208 method=java.util.HashMap.hash(Ljava/lang/Object;)I @ 1 c2
Event: 8.843 Thread 0x0000020246ab35c0 DEOPT PACKING pc=0x0000020273b84208 sp=0x000000eeb39fac40
Event: 8.843 Thread 0x0000020246ab35c0 DEOPT UNPACKING pc=0x0000020273594402 sp=0x000000eeb39fabc0 mode 2
Event: 8.883 Thread 0x0000020246ab35c0 Uncommon trap: trap_request=0xffffff45 fr.pc=0x0000020273bc8658 relative=0x0000000000000bb8
Event: 8.883 Thread 0x0000020246ab35c0 Uncommon trap: reason=unstable_if action=reinterpret pc=0x0000020273bc8658 method=java.util.jar.JarFile.getVersionedEntry(Ljava/lang/String;Ljava/util/jar/JarEntry;)Ljava/util/jar/JarEntry; @ 26 c2
Event: 8.883 Thread 0x0000020246ab35c0 DEOPT PACKING pc=0x0000020273bc8658 sp=0x000000eeb39f92b0
Event: 8.883 Thread 0x0000020246ab35c0 DEOPT UNPACKING pc=0x0000020273594402 sp=0x000000eeb39f9270 mode 2

Classes loaded (20 events):
Event: 8.695 Loading class java/time/temporal/WeekFields
Event: 8.695 Loading class java/time/temporal/WeekFields done
Event: 8.695 Loading class java/time/temporal/WeekFields$ComputedDayOfField
Event: 8.696 Loading class java/time/temporal/WeekFields$ComputedDayOfField done
Event: 8.716 Loading class javax/xml/stream/XMLStreamException
Event: 8.716 Loading class javax/xml/stream/XMLStreamException done
Event: 8.814 Loading class java/security/DigestInputStream
Event: 8.814 Loading class java/security/DigestInputStream done
Event: 8.842 Loading class javax/xml/namespace/QName
Event: 8.842 Loading class javax/xml/namespace/QName done
Event: 8.878 Loading class java/util/ResourceBundle$ResourceBundleControlProviderHolder
Event: 8.879 Loading class java/util/ResourceBundle$ResourceBundleControlProviderHolder done
Event: 8.879 Loading class java/util/spi/ResourceBundleControlProvider
Event: 8.879 Loading class java/util/spi/ResourceBundleControlProvider done
Event: 8.879 Loading class java/util/ServiceLoader$ProviderSpliterator
Event: 8.880 Loading class java/util/ServiceLoader$ProviderSpliterator done
Event: 8.881 Loading class java/util/ResourceBundle$Control$2
Event: 8.881 Loading class java/util/ResourceBundle$Control$2 done
Event: 8.911 Loading class java/io/UTFDataFormatException
Event: 8.912 Loading class java/io/UTFDataFormatException done

Classes unloaded (0 events):
No events

Classes redefined (0 events):
No events

Internal exceptions (20 events):
Event: 3.265 Thread 0x0000020246ab28a0 Exception <a 'java/net/ConnectException'{0x0000000091093e58}: Connection refused: getsockopt> (0x0000000091093e58) 
thrown [s\src\hotspot\share\prims\jni.cpp, line 539]
Event: 3.590 Thread 0x0000020246ab28a0 Exception <a 'java/net/ConnectException'{0x0000000091094e28}: Connection refused: getsockopt> (0x0000000091094e28) 
thrown [s\src\hotspot\share\prims\jni.cpp, line 539]
Event: 3.919 Thread 0x0000020246ab28a0 Exception <a 'java/net/ConnectException'{0x0000000091095df8}: Connection refused: getsockopt> (0x0000000091095df8) 
thrown [s\src\hotspot\share\prims\jni.cpp, line 539]
Event: 4.246 Thread 0x0000020246ab28a0 Exception <a 'java/net/ConnectException'{0x0000000091096dc8}: Connection refused: getsockopt> (0x0000000091096dc8) 
thrown [s\src\hotspot\share\prims\jni.cpp, line 539]
Event: 5.492 Thread 0x00000202471ac460 Exception <a 'java/lang/NoSuchMethodError'{0x000000009098ca18}: 'java.lang.Object java.lang.invoke.DirectMethodHandle$Holder.newInvokeSpecial(java.lang.Object, java.lang.Object, long, java.lang.Object, java.lang.Object, java.lang.Object)'> (0x000000009098ca18) 
thrown [s\src\hotspot\share\interpreter\linkResolver.cpp, line 796]
Event: 5.495 Thread 0x00000202471ac460 Exception <a 'java/lang/NoSuchMethodError'{0x00000000909a7738}: 'void java.lang.invoke.DirectMethodHandle$Holder.invokeSpecial(java.lang.Object, java.lang.Object, java.lang.Object, java.lang.Object, java.lang.Object, java.lang.Object, java.lang.Object)'> (0x00000000909a7738) 
thrown [s\src\hotspot\share\interpreter\linkResolver.cpp, line 796]
Event: 5.507 Thread 0x0000020246ab35c0 Exception <a 'java/lang/NoSuchMethodError'{0x00000000909f81b0}: 'java.lang.Object java.lang.invoke.DirectMethodHandle$Holder.invokeSpecialIFC(java.lang.Object, java.lang.Object, java.lang.Object)'> (0x00000000909f81b0) 
thrown [s\src\hotspot\share\interpreter\linkResolver.cpp, line 796]
Event: 5.785 Thread 0x0000020246ab35c0 Exception <a 'java/lang/ClassNotFoundException'{0x000000009020eb08}: sun/util/logging/resources/spi/loggingProvider> (0x000000009020eb08) 
thrown [s\src\hotspot\share\classfile\systemDictionary.cpp, line 313]
Event: 8.031 Thread 0x0000020246ab35c0 Exception <a 'java/lang/NoSuchMethodError'{0x00000000901140c0}: 'long java.lang.invoke.DelegatingMethodHandle$Holder.reinvoke_L(java.lang.Object, java.lang.Object)'> (0x00000000901140c0) 
thrown [s\src\hotspot\share\interpreter\linkResolver.cpp, line 796]
Event: 8.031 Thread 0x0000020246ab35c0 Exception <a 'java/lang/NoSuchMethodError'{0x000000009011e178}: 'void java.lang.invoke.DelegatingMethodHandle$Holder.reinvoke_L(java.lang.Object, java.lang.Object, long)'> (0x000000009011e178) 
thrown [s\src\hotspot\share\interpreter\linkResolver.cpp, line 796]
Event: 8.032 Thread 0x0000020246ab35c0 Exception <a 'java/lang/NoSuchMethodError'{0x0000000090124a38}: 'long java.lang.invoke.Invokers$Holder.invokeExact_MT(java.lang.Object, java.lang.Object, java.lang.Object)'> (0x0000000090124a38) 
thrown [s\src\hotspot\share\interpreter\linkResolver.cpp, line 796]
Event: 8.541 Thread 0x0000020246ab35c0 Exception <a 'java/lang/NoSuchMethodError'{0x000000008fadc868}: 'void java.lang.invoke.DirectMethodHandle$Holder.invokeVirtual(java.lang.Object, java.lang.Object, java.lang.Object, int)'> (0x000000008fadc868) 
thrown [s\src\hotspot\share\interpreter\linkResolver.cpp, line 796]
Event: 8.547 Thread 0x0000020246ab35c0 Exception <a 'java/lang/NoSuchMethodError'{0x000000008fae4460}: 'void java.lang.invoke.DirectMethodHandle$Holder.invokeVirtual(java.lang.Object, java.lang.Object, java.lang.Object, java.lang.Object)'> (0x000000008fae4460) 
thrown [s\src\hotspot\share\interpreter\linkResolver.cpp, line 796]
Event: 8.557 Thread 0x0000020246ab35c0 Exception <a 'java/lang/NoSuchMethodError'{0x000000008f912cc8}: 'void java.lang.invoke.DirectMethodHandle$Holder.invokeStatic(java.lang.Object, java.lang.Object, java.lang.Object, int)'> (0x000000008f912cc8) 
thrown [s\src\hotspot\share\interpreter\linkResolver.cpp, line 796]
Event: 8.557 Thread 0x0000020246ab35c0 Exception <a 'java/lang/NoSuchMethodError'{0x000000008f916438}: 'void java.lang.invoke.DirectMethodHandle$Holder.invokeStaticInit(java.lang.Object, java.lang.Object, java.lang.Object, int)'> (0x000000008f916438) 
thrown [s\src\hotspot\share\interpreter\linkResolver.cpp, line 796]
Event: 8.666 Thread 0x0000020246ab35c0 Exception <a 'java/lang/NoSuchMethodError'{0x000000008cd13f20}: 'java.lang.Object java.lang.invoke.DirectMethodHandle$Holder.invokeStaticInit(java.lang.Object, java.lang.Object, java.lang.Object)'> (0x000000008cd13f20) 
thrown [s\src\hotspot\share\interpreter\linkResolver.cpp, line 796]
Event: 8.667 Thread 0x0000020246ab35c0 Exception <a 'java/lang/NoSuchMethodError'{0x000000008cd19a88}: 'java.lang.Object java.lang.invoke.DirectMethodHandle$Holder.invokeStatic(java.lang.Object, java.lang.Object, int, int)'> (0x000000008cd19a88) 
thrown [s\src\hotspot\share\interpreter\linkResolver.cpp, line 796]
Event: 8.667 Thread 0x0000020246ab35c0 Exception <a 'java/lang/NoSuchMethodError'{0x000000008cd1d180}: 'java.lang.Object java.lang.invoke.DirectMethodHandle$Holder.invokeStaticInit(java.lang.Object, java.lang.Object, int, int)'> (0x000000008cd1d180) 
thrown [s\src\hotspot\share\interpreter\linkResolver.cpp, line 796]
Event: 8.843 Thread 0x0000020246ab35c0 Implicit null exception at 0x0000020273b839d9 to 0x0000020273b841f4
Event: 8.914 Thread 0x0000020246ab35c0 Exception <a 'java/lang/NoSuchMethodError'{0x000000008c5551f0}: 'java.lang.Object java.lang.invoke.DirectMethodHandle$Holder.newInvokeSpecial(java.lang.Object, java.lang.Object, int, java.lang.Object)'> (0x000000008c5551f0) 
thrown [s\src\hotspot\share\interpreter\linkResolver.cpp, line 796]

VM Operations (20 events):
Event: 2.691 Executing VM operation: HandshakeAllThreads (Deoptimize) done
Event: 5.478 Executing VM operation: HandshakeAllThreads (Deoptimize)
Event: 5.478 Executing VM operation: HandshakeAllThreads (Deoptimize) done
Event: 5.481 Executing VM operation: HandshakeAllThreads (Deoptimize)
Event: 5.482 Executing VM operation: HandshakeAllThreads (Deoptimize) done
Event: 5.761 Executing VM operation: HandshakeAllThreads (Deoptimize)
Event: 5.762 Executing VM operation: HandshakeAllThreads (Deoptimize) done
Event: 8.362 Executing VM operation: HandshakeAllThreads (Deoptimize)
Event: 8.362 Executing VM operation: HandshakeAllThreads (Deoptimize) done
Event: 8.615 Executing VM operation: CollectForMetadataAllocation (Metadata GC Threshold)
Event: 8.621 Executing VM operation: CollectForMetadataAllocation (Metadata GC Threshold) done
Event: 8.627 Executing VM operation: G1PauseRemark
Event: 8.629 Executing VM operation: G1PauseRemark done
Event: 8.630 Executing VM operation: G1PauseCleanup
Event: 8.634 Executing VM operation: G1PauseCleanup done
Event: 8.696 Executing VM operation: HandshakeAllThreads (Deoptimize)
Event: 8.697 Executing VM operation: HandshakeAllThreads (Deoptimize) done
Event: 8.911 Executing VM operation: HandshakeAllThreads (Deoptimize)
Event: 8.911 Executing VM operation: HandshakeAllThreads (Deoptimize) done
Event: 8.959 Executing VM operation: G1CollectForAllocation (G1 Evacuation Pause)

Memory protections (0 events):
No events

Nmethod flushes (0 events):
No events

Events (20 events):
Event: 2.586 Thread 0x0000020246ab6a40 Thread added: 0x0000020246ab4970
Event: 2.673 Thread 0x0000020246ab6a40 Thread added: 0x00000202471ad810
Event: 2.677 Thread 0x0000020246ab6a40 Thread added: 0x00000202471ad180
Event: 2.690 Thread 0x0000020246ab7760 Thread added: 0x00000202471abdd0
Event: 2.694 Thread 0x0000020246ab35c0 Thread added: 0x00000202471acaf0
Event: 2.741 Thread 0x0000020246ab5000 Thread added: 0x00000202471ac460
Event: 2.741 Thread 0x0000020246ab1b80 Thread added: 0x00000202471ab0b0
Event: 2.743 Thread 0x0000020246ab1b80 Thread added: 0x00000202471ab740
Event: 2.743 Thread 0x0000020246ab5000 Thread added: 0x00000202471aa390
Event: 2.743 Thread 0x0000020246ab5000 Thread added: 0x00000202471aaa20
Event: 2.743 Thread 0x0000020246ab1b80 Thread added: 0x0000020247114970
Event: 4.606 Thread 0x0000020246ab14f0 Thread added: 0x0000020247115690
Event: 4.612 Thread 0x0000020246ab70d0 Thread added: 0x0000020247115000
Event: 4.613 Thread 0x0000020246ab70d0 Thread added: 0x0000020247116a40
Event: 4.613 Thread 0x0000020246ab70d0 Thread added: 0x00000202471170d0
Event: 5.580 Thread 0x0000020246ab35c0 Thread added: 0x0000020247117df0
Event: 5.582 Thread 0x0000020246ab35c0 Thread added: 0x0000020247118480
Event: 5.599 Thread 0x0000020247117df0 Thread added: 0x0000020247115d20
Event: 5.600 Thread 0x0000020247117df0 Thread added: 0x00000202471135c0
Event: 5.600 Thread 0x0000020247117df0 Thread added: 0x0000020247112f30


Dynamic libraries:
0x00007ff695380000 - 0x00007ff69538e000 	C:\Users\Aparnna S\.p2\pool\plugins\org.eclipse.justj.openjdk.hotspot.jre.full.win32.x86_64_23.0.0.v20240919-1706\jre\bin\javaw.exe
0x00007ffee16d0000 - 0x00007ffee18e7000 	C:\WINDOWS\SYSTEM32\ntdll.dll
0x00007ffee0920000 - 0x00007ffee09e4000 	C:\WINDOWS\System32\KERNEL32.DLL
0x00007ffedeb50000 - 0x00007ffedef20000 	C:\WINDOWS\System32\KERNELBASE.dll
0x00007ffedea00000 - 0x00007ffedeb11000 	C:\WINDOWS\System32\ucrtbase.dll
0x00007ffea4ef0000 - 0x00007ffea4f0b000 	C:\Users\Aparnna S\.p2\pool\plugins\org.eclipse.justj.openjdk.hotspot.jre.full.win32.x86_64_23.0.0.v20240919-1706\jre\bin\VCRUNTIME140.dll
0x00007ffeb95c0000 - 0x00007ffeb95d7000 	C:\Users\Aparnna S\.p2\pool\plugins\org.eclipse.justj.openjdk.hotspot.jre.full.win32.x86_64_23.0.0.v20240919-1706\jre\bin\jli.dll
0x00007ffee14d0000 - 0x00007ffee167e000 	C:\WINDOWS\System32\USER32.dll
0x00007ffedefe0000 - 0x00007ffedf006000 	C:\WINDOWS\System32\win32u.dll
0x00007ffee1220000 - 0x00007ffee1249000 	C:\WINDOWS\System32\GDI32.dll
0x00007ffedf0b0000 - 0x00007ffedf1cb000 	C:\WINDOWS\System32\gdi32full.dll
0x00007ffec6050000 - 0x00007ffec62e2000 	C:\WINDOWS\WinSxS\amd64_microsoft.windows.common-controls_6595b64144ccf1df_6.0.22621.4830_none_270fe7d773858e80\COMCTL32.dll
0x00007ffedf010000 - 0x00007ffedf0aa000 	C:\WINDOWS\System32\msvcp_win.dll
0x00007ffedf600000 - 0x00007ffedf6a7000 	C:\WINDOWS\System32\msvcrt.dll
0x00007ffedfe10000 - 0x00007ffedfe41000 	C:\WINDOWS\System32\IMM32.DLL
0x00007ffebb930000 - 0x00007ffebb93c000 	C:\Users\Aparnna S\.p2\pool\plugins\org.eclipse.justj.openjdk.hotspot.jre.full.win32.x86_64_23.0.0.v20240919-1706\jre\bin\vcruntime140_1.dll
0x00007ffe33720000 - 0x00007ffe337ae000 	C:\Users\Aparnna S\.p2\pool\plugins\org.eclipse.justj.openjdk.hotspot.jre.full.win32.x86_64_23.0.0.v20240919-1706\jre\bin\msvcp140.dll
0x00007ffe58080000 - 0x00007ffe58e4d000 	C:\Users\Aparnna S\.p2\pool\plugins\org.eclipse.justj.openjdk.hotspot.jre.full.win32.x86_64_23.0.0.v20240919-1706\jre\bin\server\jvm.dll
0x00007ffee1250000 - 0x00007ffee1301000 	C:\WINDOWS\System32\ADVAPI32.dll
0x00007ffedf550000 - 0x00007ffedf5f7000 	C:\WINDOWS\System32\sechost.dll
0x00007ffedeb20000 - 0x00007ffedeb48000 	C:\WINDOWS\System32\bcrypt.dll
0x00007ffee0f00000 - 0x00007ffee1014000 	C:\WINDOWS\System32\RPCRT4.dll
0x00007ffedf4d0000 - 0x00007ffedf541000 	C:\WINDOWS\System32\WS2_32.dll
0x00007ffed7020000 - 0x00007ffed702a000 	C:\WINDOWS\SYSTEM32\VERSION.dll
0x00007ffed90c0000 - 0x00007ffed90f4000 	C:\WINDOWS\SYSTEM32\WINMM.dll
0x00007ffede200000 - 0x00007ffede24d000 	C:\WINDOWS\SYSTEM32\POWRPROF.dll
0x00007ffede1e0000 - 0x00007ffede1f3000 	C:\WINDOWS\SYSTEM32\UMPDC.dll
0x00007ffedd990000 - 0x00007ffedd9a8000 	C:\WINDOWS\SYSTEM32\kernel.appcore.dll
0x00007ffed9b60000 - 0x00007ffed9b6a000 	C:\Users\Aparnna S\.p2\pool\plugins\org.eclipse.justj.openjdk.hotspot.jre.full.win32.x86_64_23.0.0.v20240919-1706\jre\bin\jimage.dll
0x00007ffed71e0000 - 0x00007ffed7412000 	C:\WINDOWS\SYSTEM32\DBGHELP.DLL
0x00007ffee0b70000 - 0x00007ffee0f00000 	C:\WINDOWS\System32\combase.dll
0x00007ffedfc50000 - 0x00007ffedfd27000 	C:\WINDOWS\System32\OLEAUT32.dll
0x00007ffed1100000 - 0x00007ffed1132000 	C:\WINDOWS\SYSTEM32\dbgcore.DLL
0x00007ffedf1d0000 - 0x00007ffedf24b000 	C:\WINDOWS\System32\bcryptPrimitives.dll
0x00007ffec7c10000 - 0x00007ffec7c2e000 	C:\Users\Aparnna S\.p2\pool\plugins\org.eclipse.justj.openjdk.hotspot.jre.full.win32.x86_64_23.0.0.v20240919-1706\jre\bin\java.dll
0x00007ffee1320000 - 0x00007ffee14c1000 	C:\WINDOWS\System32\ole32.dll
0x00007ffedfe50000 - 0x00007ffee06c8000 	C:\WINDOWS\System32\SHELL32.dll
0x00007ffedc880000 - 0x00007ffedd190000 	C:\WINDOWS\SYSTEM32\windows.storage.dll
0x00007ffedc740000 - 0x00007ffedc87f000 	C:\WINDOWS\SYSTEM32\wintypes.dll
0x00007ffee0a00000 - 0x00007ffee0b0a000 	C:\WINDOWS\System32\SHCORE.dll
0x00007ffee0b10000 - 0x00007ffee0b6e000 	C:\WINDOWS\System32\shlwapi.dll
0x00007ffede8b0000 - 0x00007ffede8db000 	C:\WINDOWS\SYSTEM32\profapi.dll
0x00007ffec5540000 - 0x00007ffec5557000 	C:\Users\Aparnna S\.p2\pool\plugins\org.eclipse.justj.openjdk.hotspot.jre.full.win32.x86_64_23.0.0.v20240919-1706\jre\bin\zip.dll
0x00007ffec7c00000 - 0x00007ffec7c10000 	C:\Users\Aparnna S\.p2\pool\plugins\org.eclipse.justj.openjdk.hotspot.jre.full.win32.x86_64_23.0.0.v20240919-1706\jre\bin\net.dll
0x00007ffedde90000 - 0x00007ffeddefa000 	C:\WINDOWS\system32\mswsock.dll
0x00007ffebb9a0000 - 0x00007ffebb9b6000 	C:\Users\Aparnna S\.p2\pool\plugins\org.eclipse.justj.openjdk.hotspot.jre.full.win32.x86_64_23.0.0.v20240919-1706\jre\bin\nio.dll
0x00007ffeb9590000 - 0x00007ffeb95a0000 	C:\Users\Aparnna S\.p2\pool\plugins\org.eclipse.justj.openjdk.hotspot.jre.full.win32.x86_64_23.0.0.v20240919-1706\jre\bin\verify.dll
0x00007ffedd410000 - 0x00007ffedd512000 	C:\WINDOWS\SYSTEM32\DNSAPI.dll
0x00007ffedd3e0000 - 0x00007ffedd40d000 	C:\WINDOWS\SYSTEM32\IPHLPAPI.DLL
0x00007ffedfd30000 - 0x00007ffedfd39000 	C:\WINDOWS\System32\NSI.dll
0x00007ffeda2c0000 - 0x00007ffeda2ca000 	C:\Windows\System32\rasadhlp.dll
0x00007ffed9030000 - 0x00007ffed90b3000 	C:\WINDOWS\System32\fwpuclnt.dll
0x00007ffebb990000 - 0x00007ffebb999000 	C:\Users\Aparnna S\.p2\pool\plugins\org.eclipse.justj.openjdk.hotspot.jre.full.win32.x86_64_23.0.0.v20240919-1706\jre\bin\extnet.dll
0x00007ffede110000 - 0x00007ffede12b000 	C:\WINDOWS\SYSTEM32\CRYPTSP.dll
0x00007ffedd8f0000 - 0x00007ffedd925000 	C:\WINDOWS\system32\rsaenh.dll
0x00007ffeddfa0000 - 0x00007ffeddfc8000 	C:\WINDOWS\SYSTEM32\USERENV.dll
0x00007ffede100000 - 0x00007ffede10c000 	C:\WINDOWS\SYSTEM32\CRYPTBASE.dll
0x00007ffec5600000 - 0x00007ffec560a000 	C:\Users\Aparnna S\.p2\pool\plugins\org.eclipse.justj.openjdk.hotspot.jre.full.win32.x86_64_23.0.0.v20240919-1706\jre\bin\management.dll
0x00007ffebbcd0000 - 0x00007ffebbcdb000 	C:\Users\Aparnna S\.p2\pool\plugins\org.eclipse.justj.openjdk.hotspot.jre.full.win32.x86_64_23.0.0.v20240919-1706\jre\bin\management_ext.dll
0x00007ffee09f0000 - 0x00007ffee09f8000 	C:\WINDOWS\System32\PSAPI.DLL
0x00007ffecf5c0000 - 0x00007ffecf5ce000 	C:\Users\Aparnna S\.p2\pool\plugins\org.eclipse.justj.openjdk.hotspot.jre.full.win32.x86_64_23.0.0.v20240919-1706\jre\bin\sunmscapi.dll
0x00007ffedf250000 - 0x00007ffedf3b6000 	C:\WINDOWS\System32\CRYPT32.dll
0x00007ffede340000 - 0x00007ffede36d000 	C:\WINDOWS\SYSTEM32\ncrypt.dll
0x00007ffede300000 - 0x00007ffede337000 	C:\WINDOWS\SYSTEM32\NTASN1.dll
0x00007ffecfcd0000 - 0x00007ffecfcd8000 	C:\WINDOWS\system32\wshunix.dll

dbghelp: loaded successfully - version: 4.0.5 - missing functions: none
symbol engine: initialized successfully - sym options: 0x614 - pdb path: .;C:\Users\Aparnna S\.p2\pool\plugins\org.eclipse.justj.openjdk.hotspot.jre.full.win32.x86_64_23.0.0.v20240919-1706\jre\bin;C:\WINDOWS\SYSTEM32;C:\WINDOWS\WinSxS\amd64_microsoft.windows.common-controls_6595b64144ccf1df_6.0.22621.4830_none_270fe7d773858e80;C:\Users\Aparnna S\.p2\pool\plugins\org.eclipse.justj.openjdk.hotspot.jre.full.win32.x86_64_23.0.0.v20240919-1706\jre\bin\server

VM Arguments:
jvm_args: -ea -Dfile.encoding=UTF-8 -Dstdout.encoding=UTF-8 -Dstderr.encoding=UTF-8 -XX:+ShowCodeDetailsInExceptionMessages 
java_command: org.testng.remote.RemoteTestNG -serport 51489 -protocol json -d C:\Users\Aparnna S\OneDrive\Desktop\java programs\7rmartsupermarket\test-output C:\Users\Aparnna S\OneDrive\Desktop\java programs\7rmartsupermarket\multibrowsertestng.xml
java_class_path (initial): C:\Users\Aparnna S\eclipse\jee-2024-09\eclipse\configuration\org.eclipse.osgi\1011\0\.cp\lib\testng-remote.jar;C:\Users\Aparnna S\OneDrive\Desktop\java programs\7rmartsupermarket\target\test-classes;C:\Users\Aparnna S\OneDrive\Desktop\java programs\7rmartsupermarket\target\classes;C:\Users\Aparnna S\.m2\repository\org\seleniumhq\selenium\selenium-java\4.28.1\selenium-java-4.28.1.jar;C:\Users\Aparnna S\.m2\repository\org\seleniumhq\selenium\selenium-api\4.28.1\selenium-api-4.28.1.jar;C:\Users\Aparnna S\.m2\repository\org\jspecify\jspecify\1.0.0\jspecify-1.0.0.jar;C:\Users\Aparnna S\.m2\repository\org\seleniumhq\selenium\selenium-chrome-driver\4.28.1\selenium-chrome-driver-4.28.1.jar;C:\Users\Aparnna S\.m2\repository\com\google\auto\service\auto-service-annotations\1.1.1\auto-service-annotations-1.1.1.jar;C:\Users\Aparnna S\.m2\repository\org\seleniumhq\selenium\selenium-chromium-driver\4.28.1\selenium-chromium-driver-4.28.1.jar;C:\Users\Aparnna S\.m2\repository\org\seleniumhq\selenium\selenium-json\4.28.1\selenium-json-4.28.1.jar;C:\Users\Aparnna S\.m2\repository\org\seleniumhq\selenium\selenium-manager\4.28.1\selenium-manager-4.28.1.jar;C:\Users\Aparnna S\.m2\repository\org\seleniumhq\selenium\selenium-devtools-v130\4.28.1\selenium-devtools-v130-4.28.1.jar;C:\Users\Aparnna S\.m2\repository\org\seleniumhq\selenium\selenium-devtools-v131\4.28.1\selenium-devtools-v131-4.28.1.jar;C:\Users\Aparnna S\.m2\repository\org\seleniumhq\selenium\selenium-devtools-v132\4.28.1\selenium-devtools-v132-4.28.1.jar;C:\Users\Aparnna S\.m2\repository\org\seleniumhq\selenium\selenium-devtools-v85\4.28.1\selenium-devtools-v85-4.28.1.jar;C:\Users\Aparnna S\.m2\repository\org\seleniumhq\selenium\selenium-edge-driver\4.28.1\selenium-edge-driver-4.28.1.jar;C:\Users\Aparnna S\.m2\repository\org\seleniumhq\selenium\selenium-firefox-driver\4.28.1\selenium-firefox-driver-4.28.1.jar;C:\Users\Aparnna S\.m2\repository\org\seleniumhq\selenium\selenium-http\4.28.1\selenium-http-4.28.1.jar;C:\Users\Aparnna S\.m2\repository\org\seleniumhq\selenium\selenium-ie-driver\4.28.1\selenium-ie-driver-4.28.1.jar;C:\Users\Aparnna S\.m2\repository\org\seleniumhq\selenium\selenium-remote-driver\4.28.1\selenium-remote-driver-4.28.1.jar;C:\Users\Aparnna S\.m2\repository\com\google\guava\guava\33.4.0-jre\guava-33.4.0-jre.jar;C:\Users\Aparnna S\.m2\repository\com\google\guava\failureaccess\1.0.2\failureaccess-1.0.2.jar;C:\Users\Aparnna S\.m2\repository\com\google\guava\listenablefuture\9999.0-empty-to-avoid-conflict-with-guava\listenablefuture-9999.0-empty-to-avoid-conflict-with-guava.jar;C:\Users\Aparnna S\.m2\repository\com\google\code\findbugs\jsr305\3.0.2\jsr305-3.0.2.jar;C:\Users\Aparnna S\.m2\repository\org\checkerframework\checker-qual\3.43.0\checker-qual-3.43.0.jar;C:\Users\Aparnna S\.m2\repository\com\google\errorprone\error_prone_annotations\2.36.0\error_prone_annotations-2.36.0.jar;C:\Users\Aparnna S\.m2\repository\com\google\j2objc\j2objc-annotations\3.0.0\j2objc-annotations-3.0.0.jar;C:\Users\Aparnna S\.m2\repository\io\opentelemetry\semconv\opentelemetry-semconv\1.28.0-alpha\opentelemetry-semconv-1.28.0-alpha.jar;C:\Users\Aparnna S\.m2\repository\io\opentelemetry\opentelemetry-api\1.46.0\opentelemetry-api-1.46.0.jar;C:\Users\Aparnna S\.m2\repository\io\opentelemetry\opentelemetry-context\1.46.0\opentelemetry-context-1.46.0.jar;C:\Users\Aparnna S\.m2\repository\io\opentelemetry\opentelemetry-exporter-logging\1.46.0\opentelemetry-exporter-logging-1.46.0.jar;C:\Users\Aparnna S\.m2\repository\io\opentelemetry\opentelemetry-sdk-common\1.46.0\opentelemetry-sdk-common-1.46.0.jar;C:\Users\Aparnna S\.m2\repository\io\opentelemetry\opentelemetry-sdk-extension-autoconfigure-spi\1.46.0\opentelemetry-sdk-extension-autoconfigure-spi-1.46.0.jar;C:\Users\Aparnna S\.m2\repository\io\opentelemetry\opentelemetry-sdk-extension-autoconfigure\1.46.0\opentelemetry-sdk-extension-autoconfigure-1.46.0.jar;C:\Users\Aparnna S\.m2\repository\io\opentelemetry\opentelemetry-api-incubator\1.46.0-alpha\opentelemetry-api-incubator-1.46.0-alpha.jar;C:\Users\Aparnna S\.m2\repository\io\opentelemetry\opentelemetry-sdk-trace\1.46.0\opentelemetry-sdk-trace-1.46.0.jar;C:\Users\Aparnna S\.m2\repository\io\opentelemetry\opentelemetry-sdk\1.46.0\opentelemetry-sdk-1.46.0.jar;C:\Users\Aparnna S\.m2\repository\io\opentelemetry\opentelemetry-sdk-metrics\1.46.0\opentelemetry-sdk-metrics-1.46.0.jar;C:\Users\Aparnna S\.m2\repository\io\opentelemetry\opentelemetry-sdk-logs\1.46.0\opentelemetry-sdk-logs-1.46.0.jar;C:\Users\Aparnna S\.m2\repository\net\bytebuddy\byte-buddy\1.15.11\byte-buddy-1.15.11.jar;C:\Users\Aparnna S\.m2\repository\org\seleniumhq\selenium\selenium-os\4.28.1\selenium-os-4.28.1.jar;C:\Users\Aparnna S\.m2\repository\org\apache\commons\commons-exec\1.4.0\commons-exec-1.4.0.jar;C:\Users\Aparnna S\.m2\repository\org\seleniumhq\selenium\selenium-safari-driver\4.28.1\selenium-safari-driver-4.28.1.jar;C:\Users\Aparnna S\.m2\repository\org\seleniumhq\selenium\selenium-support\4.28.1\selenium-support-4.28.1.jar;C:\Users\Aparnna S\.m2\repository\org\testng\testng\7.10.2\testng-7.10.2.jar;C:\Users\Aparnna S\.m2\repository\org\slf4j\slf4j-api\1.7.36\slf4j-api-1.7.36.jar;C:\Users\Aparnna S\.m2\repository\com\beust\jcommander\1.82\jcommander-1.82.jar;C:\Users\Aparnna S\.m2\repository\org\webjars\jquery\3.7.1\jquery-3.7.1.jar;C:\Users\Aparnna S\.m2\repository\org\apache\poi\poi\5.2.3\poi-5.2.3.jar;C:\Users\Aparnna S\.m2\repository\commons-codec\commons-codec\1.15\commons-codec-1.15.jar;C:\Users\Aparnna S\.m2\repository\org\apache\commons\commons-collections4\4.4\commons-collections4-4.4.jar;C:\Users\Aparnna S\.m2\repository\org\apache\commons\commons-math3\3.6.1\commons-math3-3.6.1.jar;C:\Users\Aparnna S\.m2\repository\commons-io\commons-io\2.11.0\commons-io-2.11.0.jar;C:\Users\Aparnna S\.m2\repository\com\zaxxer\SparseBitSet\1.2\SparseBitSet-1.2.jar;C:\Users\Aparnna S\.m2\repository\org\apache\poi\poi-ooxml\5.2.3\poi-ooxml-5.2.3.jar;C:\Users\Aparnna S\.m2\repository\org\apache\poi\poi-ooxml-lite\5.2.3\poi-ooxml-lite-5.2.3.jar;C:\Users\Aparnna S\.m2\repository\org\apache\xmlbeans\xmlbeans\5.1.1\xmlbeans-5.1.1.jar;C:\Users\Aparnna S\.m2\repository\org\apache\commons\commons-compress\1.21\commons-compress-1.21.jar;C:\Users\Aparnna S\.m2\repository\com\github\virtuald\curvesapi\1.07\curvesapi-1.07.jar;C:\Users\Aparnna S\.m2\repository\com\aventstack\extentreports\5.0.9\extentreports-5.0.9.jar;C:\Users\Aparnna S\.m2\repository\io\reactivex\rxjava3\rxjava\3.0.4\rxjava-3.0.4.jar;C:\Users\Aparnna S\.m2\repository\org\reactivestreams\reactive-streams\1.0.3\reactive-streams-1.0.3.jar;C:\Users\Aparnna S\.m2\repository\org\freemarker\freemarker\2.3.30\freemarker-2.3.30.jar;C:\Users\Aparnna S\.m2\repository\org\projectlombok\lombok\1.18.12\lombok-1.18.12.jar;C:\Users\Aparnna S\.m2\repository\com\google\code\gson\gson\2.8.6\gson-2.8.6.jar;C:\Users\Aparnna S\.m2\repository\com\github\javafaker\javafaker\0.15\javafaker-0.15.jar;C:\Users\Aparnna S\.m2\repository\org\apache\commons\commons-lang3\3.5\commons-lang3-3.5.jar;C:\Users\Aparnna S\.m2\repository\org\yaml\snakeyaml\1.20\snakeyaml-1.20-android.jar;C:\Users\Aparnna S\.m2\repository\com\github\mifmif\generex\1.0.2\generex-1.0.2.jar;C:\Users\Aparnna S\.m2\repository\dk\brics\automaton\automaton\1.11-8\automaton-1.11-8.jar;C:\Users\Aparnna S\.m2\repository\org\apache\logging\log4j\log4j-core\2.17.2\log4j-core-2.17.2.jar;C:\Users\Aparnna S\.m2\repository\org\apache\logging\log4j\log4j-to-slf4j\2.17.2\log4j-to-slf4j-2.17.2.jar;C:\Users\Aparnna S\.m2\repository\org\apache\logging\log4j\log4j-api\2.17.2\log4j-api-2.17.2.jar;C:\Users\Aparnna S\.m2\repository\org\slf4j\slf4j-reload4j\2.0.7\slf4j-reload4j-2.0.7.jar;C:\Users\Aparnna S\.m2\repository\ch\qos\reload4j\reload4j\1.2.22\reload4j-1.2.22.jar
Launcher Type: SUN_STANDARD

[Global flags]
     intx CICompilerCount                          = 4                                         {product} {ergonomic}
     uint ConcGCThreads                            = 3                                         {product} {ergonomic}
     uint G1ConcRefinementThreads                  = 10                                        {product} {ergonomic}
   size_t G1HeapRegionSize                         = 1048576                                   {product} {ergonomic}
   size_t InitialHeapSize                          = 123731968                                 {product} {ergonomic}
   size_t MarkStackSize                            = 4194304                                   {product} {ergonomic}
   size_t MarkStackSizeMax                         = 536870912                                 {product} {ergonomic}
   size_t MaxHeapSize                              = 1973420032                                {product} {ergonomic}
   size_t MaxNewSize                               = 1183842304                                {product} {ergonomic}
   size_t MinHeapDeltaBytes                        = 1048576                                   {product} {ergonomic}
   size_t MinHeapSize                              = 8388608                                   {product} {ergonomic}
    uintx NonNMethodCodeHeapSize                   = 5832704                                {pd product} {ergonomic}
    uintx NonProfiledCodeHeapSize                  = 122945536                              {pd product} {ergonomic}
    uintx ProfiledCodeHeapSize                     = 122880000                              {pd product} {ergonomic}
    uintx ReservedCodeCacheSize                    = 251658240                              {pd product} {ergonomic}
     bool SegmentedCodeCache                       = true                                      {product} {ergonomic}
     bool ShowCodeDetailsInExceptionMessages       = true                                   {manageable} {command line}
   size_t SoftMaxHeapSize                          = 1973420032                             {manageable} {ergonomic}
     bool UseCompressedOops                        = true                           {product lp64_product} {ergonomic}
     bool UseG1GC                                  = true                                      {product} {ergonomic}
     bool UseLargePagesIndividualAllocation        = false                                  {pd product} {ergonomic}

Logging:
Log output configuration:
 #0: stdout all=warning uptime,level,tags foldmultilines=false
 #1: stderr all=off uptime,level,tags foldmultilines=false

Environment Variables:
JAVA_HOME=C:\Program Files\Java\jdk-17
PATH=C:/Users/Aparnna S/.p2/pool/plugins/org.eclipse.justj.openjdk.hotspot.jre.full.win32.x86_64_23.0.0.v20240919-1706/jre/bin/server;C:/Users/Aparnna S/.p2/pool/plugins/org.eclipse.justj.openjdk.hotspot.jre.full.win32.x86_64_23.0.0.v20240919-1706/jre/bin;C:\Program Files\apache-maven-3.9.9\bin;C:\Program Files\Java\jdk-17\bin;C:\Program Files\Git\cmd;C:\Program Files\HP\HP One Agent;C:\Users\Aparnna S\AppData\Local\Microsoft\WindowsApps;C:\Users\Aparnna S\OneDrive\Desktop\Sophos SSL VPN Client\bin;c:\altera\11.0sp1\modelsim_ase\win32aloem;D:\modelsim_ase\win32aloem;D:\simulation\modelsim_ase\win32aloem;;C:\WINDOWS\System32;
USERNAME=Aparnna S
OS=Windows_NT
PROCESSOR_IDENTIFIER=AMD64 Family 25 Model 80 Stepping 0, AuthenticAMD
TMP=C:\Users\APARNN~1\AppData\Local\Temp
TEMP=C:\Users\APARNN~1\AppData\Local\Temp




Periodic native trim disabled

---------------  S Y S T E M  ---------------

OS:
 Windows 11 , 64 bit Build 22621 (10.0.22621.4830)
OS uptime: 8 days 15:23 hours
Hyper-V role detected

CPU: total 12 (initial active 12) (12 cores per cpu, 2 threads per core) family 25 model 80 stepping 0 microcode 0x0, cx8, cmov, fxsr, ht, mmx, 3dnowpref, sse, sse2, sse3, ssse3, sse4a, sse4.1, sse4.2, popcnt, lzcnt, tsc, tscinvbit, avx, avx2, aes, erms, clmul, bmi1, bmi2, adx, sha, fma, vzeroupper, clflush, clflushopt, hv, rdtscp, rdpid, fsrm, f16c, cet_ss
Processor Information for processor 0
  Max Mhz: 2301, Current Mhz: 1798, Mhz Limit: 2301
Processor Information for processor 1
  Max Mhz: 2301, Current Mhz: 2301, Mhz Limit: 2301
Processor Information for processor 2
  Max Mhz: 2301, Current Mhz: 2301, Mhz Limit: 2301
Processor Information for processor 3
  Max Mhz: 2301, Current Mhz: 2301, Mhz Limit: 2301
Processor Information for processor 4
  Max Mhz: 2301, Current Mhz: 1798, Mhz Limit: 2301
Processor Information for processor 5
  Max Mhz: 2301, Current Mhz: 2301, Mhz Limit: 2301
Processor Information for processor 6
  Max Mhz: 2301, Current Mhz: 2301, Mhz Limit: 2301
Processor Information for processor 7
  Max Mhz: 2301, Current Mhz: 2301, Mhz Limit: 2301
Processor Information for processor 8
  Max Mhz: 2301, Current Mhz: 1798, Mhz Limit: 2301
Processor Information for processor 9
  Max Mhz: 2301, Current Mhz: 2301, Mhz Limit: 2301
Processor Information for processor 10
  Max Mhz: 2301, Current Mhz: 2301, Mhz Limit: 2301
Processor Information for processor 11
  Max Mhz: 2301, Current Mhz: 1798, Mhz Limit: 2301

Memory: 4k page, system-wide physical 7520M (377M free)
TotalPageFile size 27966M (AvailPageFile size 386M)
current process WorkingSet (physical memory assigned to process): 152M, peak: 152M
current process commit charge ("private bytes"): 192M, peak: 255M

vm_info: OpenJDK 64-Bit Server VM (23+37) for windows-amd64 JRE (23+37), built on 2024-09-17T00:00:00Z with MS VC++ 17.7 (VS2022)

END.
